Analysis & Synthesis report for top
Wed Apr 12 17:09:11 2023
Quartus Prime Version 18.1.0 Build 625 09/12/2018 SJ Standard Edition


---------------------
; Table of Contents ;
---------------------
  1. Legal Notice
  2. Analysis & Synthesis Summary
  3. Analysis & Synthesis Settings
  4. Parallel Compilation
  5. Analysis & Synthesis Source Files Read
  6. Analysis & Synthesis Resource Usage Summary
  7. Analysis & Synthesis Resource Utilization by Entity
  8. General Register Statistics
  9. Port Connectivity Checks: "immadder:immadder_inst"
 10. Port Connectivity Checks: "Latch_E:Latch_E_inst"
 11. Post-Synthesis Netlist Statistics for Top Partition
 12. Elapsed Time Per Partition
 13. Analysis & Synthesis Messages
 14. Analysis & Synthesis Suppressed Messages



----------------
; Legal Notice ;
----------------
Copyright (C) 2018  Intel Corporation. All rights reserved.
Your use of Intel Corporation's design tools, logic functions 
and other software and tools, and its AMPP partner logic 
functions, and any output files from any of the foregoing 
(including device programming or simulation files), and any 
associated documentation or information are expressly subject 
to the terms and conditions of the Intel Program License 
Subscription Agreement, the Intel Quartus Prime License Agreement,
the Intel FPGA IP License Agreement, or other applicable license
agreement, including, without limitation, that your use is for
the sole purpose of programming logic devices manufactured by
Intel and sold by Intel or its authorized distributors.  Please
refer to the applicable agreement for further details.



+-----------------------------------------------------------------------------------+
; Analysis & Synthesis Summary                                                      ;
+---------------------------------+-------------------------------------------------+
; Analysis & Synthesis Status     ; Successful - Wed Apr 12 17:09:11 2023           ;
; Quartus Prime Version           ; 18.1.0 Build 625 09/12/2018 SJ Standard Edition ;
; Revision Name                   ; top                                             ;
; Top-level Entity Name           ; top                                             ;
; Family                          ; Cyclone V                                       ;
; Logic utilization (in ALMs)     ; N/A                                             ;
; Total registers                 ; 0                                               ;
; Total pins                      ; 2                                               ;
; Total virtual pins              ; 0                                               ;
; Total block memory bits         ; 0                                               ;
; Total DSP Blocks                ; 0                                               ;
; Total HSSI RX PCSs              ; 0                                               ;
; Total HSSI PMA RX Deserializers ; 0                                               ;
; Total HSSI TX PCSs              ; 0                                               ;
; Total HSSI PMA TX Serializers   ; 0                                               ;
; Total PLLs                      ; 0                                               ;
; Total DLLs                      ; 0                                               ;
+---------------------------------+-------------------------------------------------+


+---------------------------------------------------------------------------------------------------------------------------+
; Analysis & Synthesis Settings                                                                                             ;
+---------------------------------------------------------------------------------+--------------------+--------------------+
; Option                                                                          ; Setting            ; Default Value      ;
+---------------------------------------------------------------------------------+--------------------+--------------------+
; Device                                                                          ; 5CSEMA5F31C6       ;                    ;
; Top-level entity name                                                           ; top                ; top                ;
; Family name                                                                     ; Cyclone V          ; Cyclone V          ;
; Use smart compilation                                                           ; Off                ; Off                ;
; Enable parallel Assembler and Timing Analyzer during compilation                ; On                 ; On                 ;
; Enable compact report table                                                     ; Off                ; Off                ;
; Restructure Multiplexers                                                        ; Auto               ; Auto               ;
; MLAB Add Timing Constraints For Mixed-Port Feed-Through Mode Setting Don't Care ; Off                ; Off                ;
; Create Debugging Nodes for IP Cores                                             ; Off                ; Off                ;
; Preserve fewer node names                                                       ; On                 ; On                 ;
; Intel FPGA IP Evaluation Mode                                                   ; Enable             ; Enable             ;
; Verilog Version                                                                 ; Verilog_2001       ; Verilog_2001       ;
; VHDL Version                                                                    ; VHDL_1993          ; VHDL_1993          ;
; State Machine Processing                                                        ; Auto               ; Auto               ;
; Safe State Machine                                                              ; Off                ; Off                ;
; Extract Verilog State Machines                                                  ; On                 ; On                 ;
; Extract VHDL State Machines                                                     ; On                 ; On                 ;
; Ignore Verilog initial constructs                                               ; Off                ; Off                ;
; Iteration limit for constant Verilog loops                                      ; 5000               ; 5000               ;
; Iteration limit for non-constant Verilog loops                                  ; 250                ; 250                ;
; Add Pass-Through Logic to Inferred RAMs                                         ; On                 ; On                 ;
; Infer RAMs from Raw Logic                                                       ; On                 ; On                 ;
; Parallel Synthesis                                                              ; On                 ; On                 ;
; DSP Block Balancing                                                             ; Auto               ; Auto               ;
; NOT Gate Push-Back                                                              ; On                 ; On                 ;
; Power-Up Don't Care                                                             ; On                 ; On                 ;
; Remove Redundant Logic Cells                                                    ; Off                ; Off                ;
; Remove Duplicate Registers                                                      ; On                 ; On                 ;
; Ignore CARRY Buffers                                                            ; Off                ; Off                ;
; Ignore CASCADE Buffers                                                          ; Off                ; Off                ;
; Ignore GLOBAL Buffers                                                           ; Off                ; Off                ;
; Ignore ROW GLOBAL Buffers                                                       ; Off                ; Off                ;
; Ignore LCELL Buffers                                                            ; Off                ; Off                ;
; Ignore SOFT Buffers                                                             ; On                 ; On                 ;
; Limit AHDL Integers to 32 Bits                                                  ; Off                ; Off                ;
; Optimization Technique                                                          ; Balanced           ; Balanced           ;
; Carry Chain Length                                                              ; 70                 ; 70                 ;
; Auto Carry Chains                                                               ; On                 ; On                 ;
; Auto Open-Drain Pins                                                            ; On                 ; On                 ;
; Perform WYSIWYG Primitive Resynthesis                                           ; Off                ; Off                ;
; Auto ROM Replacement                                                            ; On                 ; On                 ;
; Auto RAM Replacement                                                            ; On                 ; On                 ;
; Auto DSP Block Replacement                                                      ; On                 ; On                 ;
; Auto Shift Register Replacement                                                 ; Auto               ; Auto               ;
; Allow Shift Register Merging across Hierarchies                                 ; Auto               ; Auto               ;
; Auto Clock Enable Replacement                                                   ; On                 ; On                 ;
; Strict RAM Replacement                                                          ; Off                ; Off                ;
; Allow Synchronous Control Signals                                               ; On                 ; On                 ;
; Force Use of Synchronous Clear Signals                                          ; Off                ; Off                ;
; Auto Resource Sharing                                                           ; Off                ; Off                ;
; Allow Any RAM Size For Recognition                                              ; Off                ; Off                ;
; Allow Any ROM Size For Recognition                                              ; Off                ; Off                ;
; Allow Any Shift Register Size For Recognition                                   ; Off                ; Off                ;
; Use LogicLock Constraints during Resource Balancing                             ; On                 ; On                 ;
; Ignore translate_off and synthesis_off directives                               ; Off                ; Off                ;
; Timing-Driven Synthesis                                                         ; On                 ; On                 ;
; Report Parameter Settings                                                       ; On                 ; On                 ;
; Report Source Assignments                                                       ; On                 ; On                 ;
; Report Connectivity Checks                                                      ; On                 ; On                 ;
; Ignore Maximum Fan-Out Assignments                                              ; Off                ; Off                ;
; Synchronization Register Chain Length                                           ; 3                  ; 3                  ;
; Power Optimization During Synthesis                                             ; Normal compilation ; Normal compilation ;
; HDL message level                                                               ; Level2             ; Level2             ;
; Suppress Register Optimization Related Messages                                 ; Off                ; Off                ;
; Number of Removed Registers Reported in Synthesis Report                        ; 5000               ; 5000               ;
; Number of Swept Nodes Reported in Synthesis Report                              ; 5000               ; 5000               ;
; Number of Inverted Registers Reported in Synthesis Report                       ; 100                ; 100                ;
; Clock MUX Protection                                                            ; On                 ; On                 ;
; Auto Gated Clock Conversion                                                     ; Off                ; Off                ;
; Block Design Naming                                                             ; Auto               ; Auto               ;
; SDC constraint protection                                                       ; Off                ; Off                ;
; Synthesis Effort                                                                ; Auto               ; Auto               ;
; Shift Register Replacement - Allow Asynchronous Clear Signal                    ; On                 ; On                 ;
; Pre-Mapping Resynthesis Optimization                                            ; Off                ; Off                ;
; Analysis & Synthesis Message Level                                              ; Medium             ; Medium             ;
; Disable Register Merging Across Hierarchies                                     ; Auto               ; Auto               ;
; Resource Aware Inference For Block RAM                                          ; On                 ; On                 ;
; Automatic Parallel Synthesis                                                    ; On                 ; On                 ;
; Partial Reconfiguration Bitstream ID                                            ; Off                ; Off                ;
+---------------------------------------------------------------------------------+--------------------+--------------------+


+------------------------------------------+
; Parallel Compilation                     ;
+----------------------------+-------------+
; Processors                 ; Number      ;
+----------------------------+-------------+
; Number detected on machine ; 12          ;
; Maximum allowed            ; 12          ;
;                            ;             ;
; Average used               ; 1.00        ;
; Maximum used               ; 1           ;
;                            ;             ;
; Usage by Processor         ; % Time Used ;
;     Processor 1            ; 100.0%      ;
+----------------------------+-------------+


+------------------------------------------------------------------------------------------------------------------------+
; Analysis & Synthesis Source Files Read                                                                                 ;
+----------------------------------+-----------------+------------------------+--------------------------------+---------+
; File Name with User-Entered Path ; Used in Netlist ; File Type              ; File Name with Absolute Path   ; Library ;
+----------------------------------+-----------------+------------------------+--------------------------------+---------+
; alu.v                            ; yes             ; User Verilog HDL File  ; D:/quartus/class5/alu.v        ;         ;
; encoder.v                        ; yes             ; User Verilog HDL File  ; D:/quartus/class5/encoder.v    ;         ;
; memory.v                         ; yes             ; User Verilog HDL File  ; D:/quartus/class5/memory.v     ;         ;
; top.v                            ; yes             ; User Verilog HDL File  ; D:/quartus/class5/top.v        ;         ;
; IM.v                             ; yes             ; User Verilog HDL File  ; D:/quartus/class5/IM.v         ;         ;
; DM.v                             ; yes             ; User Verilog HDL File  ; D:/quartus/class5/DM.v         ;         ;
; immadder.v                       ; yes             ; User Verilog HDL File  ; D:/quartus/class5/immadder.v   ;         ;
; PCadder.v                        ; yes             ; User Verilog HDL File  ; D:/quartus/class5/PCadder.v    ;         ;
; pclatch.v                        ; yes             ; User Verilog HDL File  ; D:/quartus/class5/pclatch.v    ;         ;
; Latch_D.v                        ; yes             ; User Verilog HDL File  ; D:/quartus/class5/Latch_D.v    ;         ;
; Latch_M.v                        ; yes             ; User Verilog HDL File  ; D:/quartus/class5/Latch_M.v    ;         ;
; Latch_E.v                        ; yes             ; User Verilog HDL File  ; D:/quartus/class5/Latch_E.v    ;         ;
; Latch_A.v                        ; yes             ; User Verilog HDL File  ; D:/quartus/class5/Latch_A.v    ;         ;
; Hazard.v                         ; yes             ; User Verilog HDL File  ; D:/quartus/class5/Hazard.v     ;         ;
; switch4to1.v                     ; yes             ; User Verilog HDL File  ; D:/quartus/class5/switch4to1.v ;         ;
; dm.txt                           ; yes             ; Auto-Found File        ; D:/quartus/class5/dm.txt       ;         ;
; bin.txt                          ; yes             ; Auto-Found File        ; D:/quartus/class5/bin.txt      ;         ;
+----------------------------------+-----------------+------------------------+--------------------------------+---------+


+-----------------------------------------------------+
; Analysis & Synthesis Resource Usage Summary         ;
+---------------------------------------------+-------+
; Resource                                    ; Usage ;
+---------------------------------------------+-------+
; Estimate of Logic utilization (ALMs needed) ; 0     ;
;                                             ;       ;
; Combinational ALUT usage for logic          ; 0     ;
;     -- 7 input functions                    ; 0     ;
;     -- 6 input functions                    ; 0     ;
;     -- 5 input functions                    ; 0     ;
;     -- 4 input functions                    ; 0     ;
;     -- <=3 input functions                  ; 0     ;
;                                             ;       ;
; Dedicated logic registers                   ; 0     ;
;                                             ;       ;
; I/O pins                                    ; 2     ;
;                                             ;       ;
; Total DSP Blocks                            ; 0     ;
;                                             ;       ;
; Maximum fan-out node                        ; clk   ;
; Maximum fan-out                             ; 1     ;
; Total fan-out                               ; 2     ;
; Average fan-out                             ; 0.50  ;
+---------------------------------------------+-------+


+----------------------------------------------------------------------------------------------------------------------------------------------------------------------------------------+
; Analysis & Synthesis Resource Utilization by Entity                                                                                                                                    ;
+----------------------------+---------------------+---------------------------+-------------------+------------+------+--------------+---------------------+-------------+--------------+
; Compilation Hierarchy Node ; Combinational ALUTs ; Dedicated Logic Registers ; Block Memory Bits ; DSP Blocks ; Pins ; Virtual Pins ; Full Hierarchy Name ; Entity Name ; Library Name ;
+----------------------------+---------------------+---------------------------+-------------------+------------+------+--------------+---------------------+-------------+--------------+
; |top                       ; 0 (0)               ; 0 (0)                     ; 0                 ; 0          ; 2    ; 0            ; |top                ;             ;              ;
+----------------------------+---------------------+---------------------------+-------------------+------------+------+--------------+---------------------+-------------+--------------+
Note: For table entries with two numbers listed, the numbers in parentheses indicate the number of resources of the given type used by the specific entity alone. The numbers listed outside of parentheses indicate the total resources of the given type used by the specific entity and all of its sub-entities in the hierarchy.


+------------------------------------------------------+
; General Register Statistics                          ;
+----------------------------------------------+-------+
; Statistic                                    ; Value ;
+----------------------------------------------+-------+
; Total registers                              ; 0     ;
; Number of registers using Synchronous Clear  ; 0     ;
; Number of registers using Synchronous Load   ; 0     ;
; Number of registers using Asynchronous Clear ; 0     ;
; Number of registers using Asynchronous Load  ; 0     ;
; Number of registers using Clock Enable       ; 0     ;
; Number of registers using Preset             ; 0     ;
+----------------------------------------------+-------+


+----------------------------------------------------+
; Port Connectivity Checks: "immadder:immadder_inst" ;
+---------+-------+----------+-----------------------+
; Port    ; Type  ; Severity ; Details               ;
+---------+-------+----------+-----------------------+
; A[1..0] ; Input ; Info     ; Stuck at GND          ;
+---------+-------+----------+-----------------------+


+-----------------------------------------------------------------------------------------------------------------+
; Port Connectivity Checks: "Latch_E:Latch_E_inst"                                                                ;
+-------+--------+----------+-------------------------------------------------------------------------------------+
; Port  ; Type   ; Severity ; Details                                                                             ;
+-------+--------+----------+-------------------------------------------------------------------------------------+
; ZeroM ; Output ; Info     ; Connected to dangling logic. Logic that only feeds a dangling port will be removed. ;
+-------+--------+----------+-------------------------------------------------------------------------------------+


+-----------------------------------------------------+
; Post-Synthesis Netlist Statistics for Top Partition ;
+-------------------+---------------------------------+
; Type              ; Count                           ;
+-------------------+---------------------------------+
; boundary_port     ; 2                               ;
;                   ;                                 ;
; Max LUT depth     ; 0.00                            ;
; Average LUT depth ; 0.00                            ;
+-------------------+---------------------------------+


+-------------------------------+
; Elapsed Time Per Partition    ;
+----------------+--------------+
; Partition Name ; Elapsed Time ;
+----------------+--------------+
; Top            ; 00:00:00     ;
+----------------+--------------+


+-------------------------------+
; Analysis & Synthesis Messages ;
+-------------------------------+
Info: *******************************************************************
Info: Running Quartus Prime Analysis & Synthesis
    Info: Version 18.1.0 Build 625 09/12/2018 SJ Standard Edition
    Info: Processing started: Wed Apr 12 17:09:01 2023
Info: Command: quartus_map --read_settings_files=on --write_settings_files=off top -c top
Warning (18236): Number of processors has not been specified which may cause overloading on shared machines.  Set the global assignment NUM_PARALLEL_PROCESSORS in your QSF to an appropriate value for best performance.
Info (20030): Parallel compilation is enabled and will use 12 of the 12 processors detected
Info (12021): Found 1 design units, including 1 entities, in source file alu.v
    Info (12023): Found entity 1: alu File: D:/quartus/class5/alu.v Line: 1
Info (12021): Found 1 design units, including 1 entities, in source file encoder.v
    Info (12023): Found entity 1: encoder File: D:/quartus/class5/encoder.v Line: 1
Info (12021): Found 1 design units, including 1 entities, in source file memory.v
    Info (12023): Found entity 1: memory File: D:/quartus/class5/memory.v Line: 1
Info (12021): Found 1 design units, including 1 entities, in source file top.v
    Info (12023): Found entity 1: top File: D:/quartus/class5/top.v Line: 1
Info (12021): Found 1 design units, including 1 entities, in source file im.v
    Info (12023): Found entity 1: IM File: D:/quartus/class5/IM.v Line: 1
Info (12021): Found 1 design units, including 1 entities, in source file dm.v
    Info (12023): Found entity 1: DM File: D:/quartus/class5/DM.v Line: 1
Info (12021): Found 1 design units, including 1 entities, in source file immadder.v
    Info (12023): Found entity 1: immadder File: D:/quartus/class5/immadder.v Line: 1
Info (12021): Found 1 design units, including 1 entities, in source file pcadder.v
    Info (12023): Found entity 1: PCadder File: D:/quartus/class5/PCadder.v Line: 1
Warning (12018): Entity "dlatch" will be ignored because it conflicts with Quartus Prime primitive name File: D:/quartus/class5/dlatch.v Line: 1
Info (12021): Found 1 design units, including 1 entities, in source file dlatch.v
Info (12021): Found 1 design units, including 1 entities, in source file pclatch.v
    Info (12023): Found entity 1: pclatch File: D:/quartus/class5/pclatch.v Line: 1
Info (12021): Found 1 design units, including 1 entities, in source file top_tb.v
    Info (12023): Found entity 1: top_tb File: D:/quartus/class5/top_tb.v Line: 2
Info (12021): Found 1 design units, including 1 entities, in source file latch_d.v
    Info (12023): Found entity 1: Latch_D File: D:/quartus/class5/Latch_D.v Line: 1
Info (12021): Found 1 design units, including 1 entities, in source file latch_m.v
    Info (12023): Found entity 1: Latch_M File: D:/quartus/class5/Latch_M.v Line: 1
Info (12021): Found 1 design units, including 1 entities, in source file latch_e.v
    Info (12023): Found entity 1: Latch_E File: D:/quartus/class5/Latch_E.v Line: 1
Info (12021): Found 1 design units, including 1 entities, in source file latch_a.v
    Info (12023): Found entity 1: Latch_A File: D:/quartus/class5/Latch_A.v Line: 1
Info (12021): Found 1 design units, including 1 entities, in source file hazard.v
    Info (12023): Found entity 1: Hazard File: D:/quartus/class5/Hazard.v Line: 1
Info (12021): Found 1 design units, including 1 entities, in source file switch4to1.v
    Info (12023): Found entity 1: switch4to1 File: D:/quartus/class5/switch4to1.v Line: 1
Warning (10236): Verilog HDL Implicit Net warning at top.v(42): created implicit net for "StallF" File: D:/quartus/class5/top.v Line: 42
Warning (10236): Verilog HDL Implicit Net warning at top.v(56): created implicit net for "RegWriteD" File: D:/quartus/class5/top.v Line: 56
Warning (10236): Verilog HDL Implicit Net warning at top.v(57): created implicit net for "RegDstD" File: D:/quartus/class5/top.v Line: 57
Warning (10236): Verilog HDL Implicit Net warning at top.v(58): created implicit net for "AluSrcD" File: D:/quartus/class5/top.v Line: 58
Warning (10236): Verilog HDL Implicit Net warning at top.v(59): created implicit net for "BranchD" File: D:/quartus/class5/top.v Line: 59
Warning (10236): Verilog HDL Implicit Net warning at top.v(60): created implicit net for "MemWriteD" File: D:/quartus/class5/top.v Line: 60
Warning (10236): Verilog HDL Implicit Net warning at top.v(61): created implicit net for "MemtoRegD" File: D:/quartus/class5/top.v Line: 61
Warning (10236): Verilog HDL Implicit Net warning at top.v(66): created implicit net for "RegWriteW" File: D:/quartus/class5/top.v Line: 66
Warning (10236): Verilog HDL Implicit Net warning at top.v(75): created implicit net for "PCSrc" File: D:/quartus/class5/top.v Line: 75
Warning (10236): Verilog HDL Implicit Net warning at top.v(79): created implicit net for "StallD" File: D:/quartus/class5/top.v Line: 79
Warning (10236): Verilog HDL Implicit Net warning at top.v(96): created implicit net for "FlushE" File: D:/quartus/class5/top.v Line: 96
Warning (10236): Verilog HDL Implicit Net warning at top.v(98): created implicit net for "RegWriteE" File: D:/quartus/class5/top.v Line: 98
Warning (10236): Verilog HDL Implicit Net warning at top.v(99): created implicit net for "RegDstE" File: D:/quartus/class5/top.v Line: 99
Warning (10236): Verilog HDL Implicit Net warning at top.v(100): created implicit net for "AluSrcE" File: D:/quartus/class5/top.v Line: 100
Warning (10236): Verilog HDL Implicit Net warning at top.v(101): created implicit net for "MemWriteE" File: D:/quartus/class5/top.v Line: 101
Warning (10236): Verilog HDL Implicit Net warning at top.v(102): created implicit net for "MemtoRegE" File: D:/quartus/class5/top.v Line: 102
Warning (10236): Verilog HDL Implicit Net warning at top.v(116): created implicit net for "ZeroE" File: D:/quartus/class5/top.v Line: 116
Warning (10236): Verilog HDL Implicit Net warning at top.v(120): created implicit net for "RegWriteM" File: D:/quartus/class5/top.v Line: 120
Warning (10236): Verilog HDL Implicit Net warning at top.v(121): created implicit net for "MemtoRegM" File: D:/quartus/class5/top.v Line: 121
Warning (10236): Verilog HDL Implicit Net warning at top.v(122): created implicit net for "MemWriteM" File: D:/quartus/class5/top.v Line: 122
Warning (10236): Verilog HDL Implicit Net warning at top.v(123): created implicit net for "ZeroM" File: D:/quartus/class5/top.v Line: 123
Warning (10236): Verilog HDL Implicit Net warning at top.v(136): created implicit net for "MemtoRegW" File: D:/quartus/class5/top.v Line: 136
Warning (10236): Verilog HDL Implicit Net warning at top.v(180): created implicit net for "ForwardAD" File: D:/quartus/class5/top.v Line: 180
Warning (10236): Verilog HDL Implicit Net warning at top.v(181): created implicit net for "ForwardBD" File: D:/quartus/class5/top.v Line: 181
Warning (10236): Verilog HDL Implicit Net warning at top.v(205): created implicit net for "Equalin1" File: D:/quartus/class5/top.v Line: 205
Warning (10236): Verilog HDL Implicit Net warning at top.v(206): created implicit net for "Equalin2" File: D:/quartus/class5/top.v Line: 206
Info (12127): Elaborating entity "top" for the top level hierarchy
Warning (10230): Verilog HDL assignment warning at top.v(205): truncated value with size 32 to match size of target (1) File: D:/quartus/class5/top.v Line: 205
Warning (10230): Verilog HDL assignment warning at top.v(206): truncated value with size 32 to match size of target (1) File: D:/quartus/class5/top.v Line: 206
Info (12128): Elaborating entity "pclatch" for hierarchy "pclatch:pclatch_inst" File: D:/quartus/class5/top.v Line: 42
Info (12128): Elaborating entity "PCadder" for hierarchy "PCadder:PCadder_inst" File: D:/quartus/class5/top.v Line: 46
Info (12128): Elaborating entity "IM" for hierarchy "IM:IM_inst" File: D:/quartus/class5/top.v Line: 51
Warning (10850): Verilog HDL warning at IM.v(9): number of words (8) in memory file does not match the number of elements in the address range [0:31] File: D:/quartus/class5/IM.v Line: 9
Warning (10030): Net "instruction_memory.data_a" at IM.v(4) has no driver or initial value, using a default initial value '0' File: D:/quartus/class5/IM.v Line: 4
Warning (10030): Net "instruction_memory.waddr_a" at IM.v(4) has no driver or initial value, using a default initial value '0' File: D:/quartus/class5/IM.v Line: 4
Warning (10030): Net "instruction_memory.we_a" at IM.v(4) has no driver or initial value, using a default initial value '0' File: D:/quartus/class5/IM.v Line: 4
Info (12128): Elaborating entity "encoder" for hierarchy "encoder:encoder_inst" File: D:/quartus/class5/top.v Line: 62
Warning (10270): Verilog HDL Case Statement warning at encoder.v(18): incomplete case statement has no default case item File: D:/quartus/class5/encoder.v Line: 18
Warning (10240): Verilog HDL Always Construct warning at encoder.v(9): inferring latch(es) for variable "ALUControl", which holds its previous value in one or more paths through the always construct File: D:/quartus/class5/encoder.v Line: 9
Info (10041): Inferred latch for "ALUControl[0]" at encoder.v(9) File: D:/quartus/class5/encoder.v Line: 9
Info (10041): Inferred latch for "ALUControl[1]" at encoder.v(9) File: D:/quartus/class5/encoder.v Line: 9
Info (10041): Inferred latch for "ALUControl[2]" at encoder.v(9) File: D:/quartus/class5/encoder.v Line: 9
Info (12128): Elaborating entity "memory" for hierarchy "memory:memory_inst" File: D:/quartus/class5/top.v Line: 72
Info (12128): Elaborating entity "Latch_A" for hierarchy "Latch_A:Latch_A_inst" File: D:/quartus/class5/top.v Line: 81
Info (12128): Elaborating entity "Latch_D" for hierarchy "Latch_D:Latch_D_inst" File: D:/quartus/class5/top.v Line: 109
Info (12128): Elaborating entity "Latch_E" for hierarchy "Latch_E:Latch_E_inst" File: D:/quartus/class5/top.v Line: 126
Info (12128): Elaborating entity "Latch_M" for hierarchy "Latch_M:Latch_M_inst" File: D:/quartus/class5/top.v Line: 139
Info (12128): Elaborating entity "immadder" for hierarchy "immadder:immadder_inst" File: D:/quartus/class5/top.v Line: 144
Info (12128): Elaborating entity "alu" for hierarchy "alu:alu_inst" File: D:/quartus/class5/top.v Line: 151
Info (12128): Elaborating entity "DM" for hierarchy "DM:DM_inst" File: D:/quartus/class5/top.v Line: 158
Warning (10850): Verilog HDL warning at DM.v(10): number of words (35) in memory file does not match the number of elements in the address range [0:80] File: D:/quartus/class5/DM.v Line: 10
Info (12128): Elaborating entity "Hazard" for hierarchy "Hazard:Hazard_inst" File: D:/quartus/class5/top.v Line: 181
Info (12128): Elaborating entity "switch4to1" for hierarchy "switch4to1:switch4to1_A" File: D:/quartus/class5/top.v Line: 189
Warning (10240): Verilog HDL Always Construct warning at switch4to1.v(12): inferring latch(es) for variable "out", which holds its previous value in one or more paths through the always construct File: D:/quartus/class5/switch4to1.v Line: 12
Info (10041): Inferred latch for "out[0]" at switch4to1.v(12) File: D:/quartus/class5/switch4to1.v Line: 12
Info (10041): Inferred latch for "out[1]" at switch4to1.v(12) File: D:/quartus/class5/switch4to1.v Line: 12
Info (10041): Inferred latch for "out[2]" at switch4to1.v(12) File: D:/quartus/class5/switch4to1.v Line: 12
Info (10041): Inferred latch for "out[3]" at switch4to1.v(12) File: D:/quartus/class5/switch4to1.v Line: 12
Info (10041): Inferred latch for "out[4]" at switch4to1.v(12) File: D:/quartus/class5/switch4to1.v Line: 12
Info (10041): Inferred latch for "out[5]" at switch4to1.v(12) File: D:/quartus/class5/switch4to1.v Line: 12
Info (10041): Inferred latch for "out[6]" at switch4to1.v(12) File: D:/quartus/class5/switch4to1.v Line: 12
Info (10041): Inferred latch for "out[7]" at switch4to1.v(12) File: D:/quartus/class5/switch4to1.v Line: 12
Info (10041): Inferred latch for "out[8]" at switch4to1.v(12) File: D:/quartus/class5/switch4to1.v Line: 12
Info (10041): Inferred latch for "out[9]" at switch4to1.v(12) File: D:/quartus/class5/switch4to1.v Line: 12
Info (10041): Inferred latch for "out[10]" at switch4to1.v(12) File: D:/quartus/class5/switch4to1.v Line: 12
Info (10041): Inferred latch for "out[11]" at switch4to1.v(12) File: D:/quartus/class5/switch4to1.v Line: 12
Info (10041): Inferred latch for "out[12]" at switch4to1.v(12) File: D:/quartus/class5/switch4to1.v Line: 12
Info (10041): Inferred latch for "out[13]" at switch4to1.v(12) File: D:/quartus/class5/switch4to1.v Line: 12
Info (10041): Inferred latch for "out[14]" at switch4to1.v(12) File: D:/quartus/class5/switch4to1.v Line: 12
Info (10041): Inferred latch for "out[15]" at switch4to1.v(12) File: D:/quartus/class5/switch4to1.v Line: 12
Info (10041): Inferred latch for "out[16]" at switch4to1.v(12) File: D:/quartus/class5/switch4to1.v Line: 12
Info (10041): Inferred latch for "out[17]" at switch4to1.v(12) File: D:/quartus/class5/switch4to1.v Line: 12
Info (10041): Inferred latch for "out[18]" at switch4to1.v(12) File: D:/quartus/class5/switch4to1.v Line: 12
Info (10041): Inferred latch for "out[19]" at switch4to1.v(12) File: D:/quartus/class5/switch4to1.v Line: 12
Info (10041): Inferred latch for "out[20]" at switch4to1.v(12) File: D:/quartus/class5/switch4to1.v Line: 12
Info (10041): Inferred latch for "out[21]" at switch4to1.v(12) File: D:/quartus/class5/switch4to1.v Line: 12
Info (10041): Inferred latch for "out[22]" at switch4to1.v(12) File: D:/quartus/class5/switch4to1.v Line: 12
Info (10041): Inferred latch for "out[23]" at switch4to1.v(12) File: D:/quartus/class5/switch4to1.v Line: 12
Info (10041): Inferred latch for "out[24]" at switch4to1.v(12) File: D:/quartus/class5/switch4to1.v Line: 12
Info (10041): Inferred latch for "out[25]" at switch4to1.v(12) File: D:/quartus/class5/switch4to1.v Line: 12
Info (10041): Inferred latch for "out[26]" at switch4to1.v(12) File: D:/quartus/class5/switch4to1.v Line: 12
Info (10041): Inferred latch for "out[27]" at switch4to1.v(12) File: D:/quartus/class5/switch4to1.v Line: 12
Info (10041): Inferred latch for "out[28]" at switch4to1.v(12) File: D:/quartus/class5/switch4to1.v Line: 12
Info (10041): Inferred latch for "out[29]" at switch4to1.v(12) File: D:/quartus/class5/switch4to1.v Line: 12
Info (10041): Inferred latch for "out[30]" at switch4to1.v(12) File: D:/quartus/class5/switch4to1.v Line: 12
Info (10041): Inferred latch for "out[31]" at switch4to1.v(12) File: D:/quartus/class5/switch4to1.v Line: 12
Info (144001): Generated suppressed messages file D:/quartus/class5/output_files/top.map.smsg
Info (16010): Generating hard_block partition "hard_block:auto_generated_inst"
    Info (16011): Adding 0 node(s), including 0 DDIO, 0 PLL, 0 transceiver and 0 LCELL
Warning (21074): Design contains 2 input pin(s) that do not drive logic
    Warning (15610): No output dependent on input pin "clk" File: D:/quartus/class5/top.v Line: 2
    Warning (15610): No output dependent on input pin "rst_n" File: D:/quartus/class5/top.v Line: 3
Info (21057): Implemented 2 device resources after synthesis - the final resource count might be different
    Info (21058): Implemented 2 input pins
    Info (21059): Implemented 0 output pins
Info: Quartus Prime Analysis & Synthesis was successful. 0 errors, 41 warnings
    Info: Peak virtual memory: 4801 megabytes
    Info: Processing ended: Wed Apr 12 17:09:11 2023
    Info: Elapsed time: 00:00:10
    Info: Total CPU time (on all processors): 00:00:20


+------------------------------------------+
; Analysis & Synthesis Suppressed Messages ;
+------------------------------------------+
The suppressed messages can be found in D:/quartus/class5/output_files/top.map.smsg.


